<?xml version="1.0" encoding="utf-8"?>
<coverage line-rate="0.5" branch-rate="1" version="1.9" timestamp="1683035941" lines-covered="5" lines-valid="10" branches-covered="0" branches-valid="0">
  <sources>
    <source>D:\</source>
  </sources>
  <packages>
    <package name="AddFractionsTests" line-rate="0.4285" branch-rate="1" complexity="3">
      <classes>
        <class name="AutoGeneratedProgram" filename="nuget\microsoft.net.test.sdk\17.5.0\build\netcoreapp3.1\Microsoft.NET.Test.Sdk.Program.cs" line-rate="0" branch-rate="1" complexity="1">
          <methods>
            <method name="Main" signature="(System.String[])" line-rate="0" branch-rate="1" complexity="1">
              <lines>
                <line number="4" hits="0" branch="False" />
              </lines>
            </method>
          </methods>
          <lines>
            <line number="4" hits="0" branch="False" />
          </lines>
        </class>
        <class name="AddFractionsTests.AddFractionTests" filename="Training\Programming\TDD\Jbrains\AddFractionsWholeNumbersAndNegatives\AddFractionsTests\AddFractionTests.cs" line-rate="0" branch-rate="1" complexity="1">
          <methods>
            <method name="OneSummandIsZero" signature="()" line-rate="0" branch-rate="1" complexity="1">
              <lines>
                <line number="7" hits="0" branch="False" />
                <line number="8" hits="0" branch="False" />
                <line number="9" hits="0" branch="False" />
              </lines>
            </method>
          </methods>
          <lines>
            <line number="7" hits="0" branch="False" />
            <line number="8" hits="0" branch="False" />
            <line number="9" hits="0" branch="False" />
          </lines>
        </class>
        <class name="AddFractionsTests.FractionEqualsTests" filename="Training\Programming\TDD\Jbrains\AddFractionsWholeNumbersAndNegatives\AddFractionsTests\FractionEqualsTests.cs" line-rate="1" branch-rate="1" complexity="1">
          <methods>
            <method name="SameValues" signature="()" line-rate="1" branch-rate="1" complexity="1">
              <lines>
                <line number="6" hits="1" branch="False" />
                <line number="7" hits="1" branch="False" />
                <line number="8" hits="1" branch="False" />
              </lines>
            </method>
          </methods>
          <lines>
            <line number="6" hits="1" branch="False" />
            <line number="7" hits="1" branch="False" />
            <line number="8" hits="1" branch="False" />
          </lines>
        </class>
      </classes>
    </package>
    <package name="AddFractionsWholeNumbersAndNegatives" line-rate="0.6666" branch-rate="1" complexity="3">
      <classes>
        <class name="AddFractionsWholeNumbersAndNegatives.Fraction" filename="Training\Programming\TDD\Jbrains\AddFractionsWholeNumbersAndNegatives\AddFractionsWholeNumbersAndNegatives\Fraction.cs" line-rate="0.6666" branch-rate="1" complexity="3">
          <methods>
            <method name="Add" signature="(AddFractionsWholeNumbersAndNegatives.Fraction)" line-rate="0" branch-rate="1" complexity="1">
              <lines>
                <line number="7" hits="0" branch="False" />
              </lines>
            </method>
            <method name="Equals" signature="(AddFractionsWholeNumbersAndNegatives.Fraction)" line-rate="1" branch-rate="1" complexity="1">
              <lines>
                <line number="9" hits="1" branch="False" />
              </lines>
            </method>
            <method name=".ctor" signature="(System.Int32)" line-rate="1" branch-rate="1" complexity="1">
              <lines>
                <line number="5" hits="4" branch="False" />
              </lines>
            </method>
          </methods>
          <lines>
            <line number="7" hits="0" branch="False" />
            <line number="9" hits="1" branch="False" />
            <line number="5" hits="4" branch="False" />
          </lines>
        </class>
      </classes>
    </package>
  </packages>
</coverage>