<?xml version="1.0" encoding="utf-8"?>
<!DOCTYPE coverage SYSTEM "http://cobertura.sourceforge.net/xml/coverage-04.dtd">
<coverage line-rate="0.5" branch-rate="1" lines-covered="5" lines-valid="10" branches-covered="0" branches-valid="0" complexity="6" version="0" timestamp="1683043141">
  <sources>
    <source>D:\</source>
  </sources>
  <packages>
    <package name="AddFractionsTests" line-rate="0.428571428571429" branch-rate="1" complexity="3">
      <classes>
        <class name="AddFractionsTests.AddFractionTests" filename="D:\Training\Programming\TDD\Jbrains\AddFractionsWholeNumbersAndNegatives\AddFractionsTests\AddFractionTests.cs" line-rate="0" branch-rate="1" complexity="1">
          <methods>
            <method name="OneSummandIsZero" signature="()" line-rate="0" branch-rate="1" complexity="1">
              <lines>
                <line number="7" hits="0" branch="false" />
                <line number="8" hits="0" branch="false" />
                <line number="9" hits="0" branch="false" />
              </lines>
            </method>
          </methods>
          <lines>
            <line number="7" hits="0" branch="false" />
            <line number="8" hits="0" branch="false" />
            <line number="9" hits="0" branch="false" />
          </lines>
        </class>
        <class name="AddFractionsTests.FractionEqualsTests" filename="D:\Training\Programming\TDD\Jbrains\AddFractionsWholeNumbersAndNegatives\AddFractionsTests\FractionEqualsTests.cs" line-rate="1" branch-rate="1" complexity="1">
          <methods>
            <method name="SameValues" signature="()" line-rate="1" branch-rate="1" complexity="1">
              <lines>
                <line number="6" hits="1" branch="false" />
                <line number="7" hits="1" branch="false" />
                <line number="8" hits="1" branch="false" />
              </lines>
            </method>
          </methods>
          <lines>
            <line number="6" hits="1" branch="false" />
            <line number="7" hits="1" branch="false" />
            <line number="8" hits="1" branch="false" />
          </lines>
        </class>
        <class name="AutoGeneratedProgram" filename="D:\nuget\microsoft.net.test.sdk\17.5.0\build\netcoreapp3.1\Microsoft.NET.Test.Sdk.Program.cs" line-rate="0" branch-rate="1" complexity="1">
          <methods>
            <method name="Main" signature="(...)" line-rate="0" branch-rate="1" complexity="1">
              <lines>
                <line number="4" hits="0" branch="false" />
              </lines>
            </method>
          </methods>
          <lines>
            <line number="4" hits="0" branch="false" />
          </lines>
        </class>
      </classes>
    </package>
    <package name="AddFractionsWholeNumbersAndNegatives" line-rate="0.666666666666667" branch-rate="1" complexity="3">
      <classes>
        <class name="AddFractionsWholeNumbersAndNegatives.Fraction" filename="D:\Training\Programming\TDD\Jbrains\AddFractionsWholeNumbersAndNegatives\AddFractionsWholeNumbersAndNegatives\Fraction.cs" line-rate="0.666666666666667" branch-rate="1" complexity="3">
          <methods>
            <method name="Add" signature="(...)" line-rate="0" branch-rate="1" complexity="1">
              <lines>
                <line number="7" hits="0" branch="false" />
              </lines>
            </method>
            <method name="Equals" signature="(...)" line-rate="1" branch-rate="1" complexity="1">
              <lines>
                <line number="9" hits="1" branch="false" />
              </lines>
            </method>
            <method name=".ctor" signature="(...)" line-rate="1" branch-rate="1" complexity="1">
              <lines>
                <line number="5" hits="4" branch="false" />
              </lines>
            </method>
          </methods>
          <lines>
            <line number="5" hits="4" branch="false" />
            <line number="7" hits="0" branch="false" />
            <line number="9" hits="1" branch="false" />
          </lines>
        </class>
      </classes>
    </package>
  </packages>
</coverage>